# JRE version: OpenJDK Runtime Environment Temurin-21.0.9+10 (21.0.9+10) (build 21.0.9+10-LTS)
# Java VM: OpenJDK 64-Bit Server VM Temurin-21.0.9+10 (21.0.9+10-LTS, mixed mode, sharing, tiered, compressed oops, compressed class ptrs, parallel gc, windows-amd64)
GC Precious Log:
 CardTable entry size: 512
 CPUs: 12 total, 12 available
 Memory: 16252M
 Large Page Support: Disabled
 NUMA Support: Disabled
 Compressed Oops: Enabled (32-bit)
 Alignments: Space 512K, Generation 512K, Heap 2M
 Heap Min Capacity: 100M
 Heap Initial Capacity: 100M
 Heap Max Capacity: 2G
 Pre-touch: Disabled
 Parallel Workers: 10
Heap:
 PSYoungGen      total 3584K, used 3289K [0x00000000d5580000, 0x00000000d5b00000, 0x0000000100000000)
  eden space 2048K, 98% used [0x00000000d5580000,0x00000000d577a6b0,0x00000000d5780000)
  from space 1536K, 82% used [0x00000000d5980000,0x00000000d5abc000,0x00000000d5b00000)
  to   space 1536K, 0% used [0x00000000d5800000,0x00000000d5800000,0x00000000d5980000)
 ParOldGen       total 931328K, used 931106K [0x0000000080000000, 0x00000000b8d80000, 0x00000000d5580000)
  object space 931328K, 99% used [0x0000000080000000,0x00000000b8d48bd0,0x00000000b8d80000)
 Metaspace       used 98504K, committed 100352K, reserved 1179648K
  class space    used 9897K, committed 10752K, reserved 1048576K
GC Heap History (20 events):
Event: 4757.108 GC heap before
{Heap before GC invocations=5028 (full 11):
 PSYoungGen      total 5120K, used 4626K [0x00000000d5580000, 0x00000000d5d00000, 0x0000000100000000)
  eden space 3072K, 99% used [0x00000000d5580000,0x00000000d587fb58,0x00000000d5880000)
  from space 2048K, 75% used [0x00000000d5b00000,0x00000000d5c85000,0x00000000d5d00000)
  to   space 2048K, 0% used [0x00000000d5900000,0x00000000d5900000,0x00000000d5b00000)
 ParOldGen       total 917504K, used 917133K [0x0000000080000000, 0x00000000b8000000, 0x00000000d5580000)
  object space 917504K, 99% used [0x0000000080000000,0x00000000b7fa36f8,0x00000000b8000000)
 Metaspace       used 98504K, committed 100352K, reserved 1179648K
  class space    used 9897K, committed 10752K, reserved 1048576K
}
Event: 4757.111 GC heap after
{Heap after GC invocations=5028 (full 11):
 PSYoungGen      total 5632K, used 1700K [0x00000000d5580000, 0x00000000d5d80000, 0x0000000100000000)
  eden space 3584K, 0% used [0x00000000d5580000,0x00000000d5580000,0x00000000d5900000)
  from space 2048K, 83% used [0x00000000d5900000,0x00000000d5aa9030,0x00000000d5b00000)
  to   space 2048K, 0% used [0x00000000d5b80000,0x00000000d5b80000,0x00000000d5d80000)
 ParOldGen       total 920576K, used 919845K [0x0000000080000000, 0x00000000b8300000, 0x00000000d5580000)
  object space 920576K, 99% used [0x0000000080000000,0x00000000b82496f8,0x00000000b8300000)
 Metaspace       used 98504K, committed 100352K, reserved 1179648K
  class space    used 9897K, committed 10752K, reserved 1048576K
}
Event: 4757.116 GC heap before
{Heap before GC invocations=5029 (full 11):
 PSYoungGen      total 5632K, used 5283K [0x00000000d5580000, 0x00000000d5d80000, 0x0000000100000000)
  eden space 3584K, 99% used [0x00000000d5580000,0x00000000d58fff98,0x00000000d5900000)
  from space 2048K, 83% used [0x00000000d5900000,0x00000000d5aa9030,0x00000000d5b00000)
  to   space 2048K, 0% used [0x00000000d5b80000,0x00000000d5b80000,0x00000000d5d80000)
 ParOldGen       total 920576K, used 919845K [0x0000000080000000, 0x00000000b8300000, 0x00000000d5580000)
  object space 920576K, 99% used [0x0000000080000000,0x00000000b82496f8,0x00000000b8300000)
 Metaspace       used 98504K, committed 100352K, reserved 1179648K
  class space    used 9897K, committed 10752K, reserved 1048576K
}
Event: 4757.118 GC heap after
{Heap after GC invocations=5029 (full 11):
 PSYoungGen      total 2560K, used 2036K [0x00000000d5580000, 0x00000000d6500000, 0x0000000100000000)
  eden space 512K, 0% used [0x00000000d5580000,0x00000000d5580000,0x00000000d5600000)
  from space 2048K, 99% used [0x00000000d5b80000,0x00000000d5d7d170,0x00000000d5d80000)
  to   space 5632K, 0% used [0x00000000d5600000,0x00000000d5600000,0x00000000d5b80000)
 ParOldGen       total 922624K, used 922494K [0x0000000080000000, 0x00000000b8500000, 0x00000000d5580000)
  object space 922624K, 99% used [0x0000000080000000,0x00000000b84df9e8,0x00000000b8500000)
 Metaspace       used 98504K, committed 100352K, reserved 1179648K
  class space    used 9897K, committed 10752K, reserved 1048576K
}
Event: 4757.119 GC heap before
{Heap before GC invocations=5030 (full 11):
 PSYoungGen      total 2560K, used 2548K [0x00000000d5580000, 0x00000000d6500000, 0x0000000100000000)
  eden space 512K, 99% used [0x00000000d5580000,0x00000000d55fffc0,0x00000000d5600000)
  from space 2048K, 99% used [0x00000000d5b80000,0x00000000d5d7d170,0x00000000d5d80000)
  to   space 5632K, 0% used [0x00000000d5600000,0x00000000d5600000,0x00000000d5b80000)
 ParOldGen       total 922624K, used 922494K [0x0000000080000000, 0x00000000b8500000, 0x00000000d5580000)
  object space 922624K, 99% used [0x0000000080000000,0x00000000b84df9e8,0x00000000b8500000)
 Metaspace       used 98504K, committed 100352K, reserved 1179648K
  class space    used 9897K, committed 10752K, reserved 1048576K
}
Event: 4757.121 GC heap after
{Heap after GC invocations=5030 (full 11):
 PSYoungGen      total 1536K, used 608K [0x00000000d5580000, 0x00000000d5c00000, 0x0000000100000000)
  eden space 512K, 0% used [0x00000000d5580000,0x00000000d5580000,0x00000000d5600000)
  from space 1024K, 59% used [0x00000000d5600000,0x00000000d5698000,0x00000000d5700000)
  to   space 2560K, 0% used [0x00000000d5980000,0x00000000d5980000,0x00000000d5c00000)
 ParOldGen       total 924672K, used 924586K [0x0000000080000000, 0x00000000b8700000, 0x00000000d5580000)
  object space 924672K, 99% used [0x0000000080000000,0x00000000b86eab58,0x00000000b8700000)
 Metaspace       used 98504K, committed 100352K, reserved 1179648K
  class space    used 9897K, committed 10752K, reserved 1048576K
}
Event: 4757.122 GC heap before
{Heap before GC invocations=5031 (full 11):
 PSYoungGen      total 1536K, used 1119K [0x00000000d5580000, 0x00000000d5c00000, 0x0000000100000000)
  eden space 512K, 99% used [0x00000000d5580000,0x00000000d55fffe8,0x00000000d5600000)
  from space 1024K, 59% used [0x00000000d5600000,0x00000000d5698000,0x00000000d5700000)
  to   space 2560K, 0% used [0x00000000d5980000,0x00000000d5980000,0x00000000d5c00000)
 ParOldGen       total 924672K, used 924586K [0x0000000080000000, 0x00000000b8700000, 0x00000000d5580000)
  object space 924672K, 99% used [0x0000000080000000,0x00000000b86eab58,0x00000000b8700000)
 Metaspace       used 98504K, committed 100352K, reserved 1179648K
  class space    used 9897K, committed 10752K, reserved 1048576K
}
Event: 4757.123 GC heap after
{Heap after GC invocations=5031 (full 11):
 PSYoungGen      total 2048K, used 608K [0x00000000d5580000, 0x00000000d5a80000, 0x0000000100000000)
  eden space 1024K, 0% used [0x00000000d5580000,0x00000000d5580000,0x00000000d5680000)
  from space 1024K, 59% used [0x00000000d5980000,0x00000000d5a18000,0x00000000d5a80000)
  to   space 1024K, 0% used [0x00000000d5880000,0x00000000d5880000,0x00000000d5980000)
 ParOldGen       total 925184K, used 925082K [0x0000000080000000, 0x00000000b8780000, 0x00000000d5580000)
  object space 925184K, 99% used [0x0000000080000000,0x00000000b8766b58,0x00000000b8780000)
 Metaspace       used 98504K, committed 100352K, reserved 1179648K
  class space    used 9897K, committed 10752K, reserved 1048576K
}
Event: 4757.125 GC heap before
{Heap before GC invocations=5032 (full 11):
 PSYoungGen      total 2048K, used 1632K [0x00000000d5580000, 0x00000000d5a80000, 0x0000000100000000)
  eden space 1024K, 100% used [0x00000000d5580000,0x00000000d5680000,0x00000000d5680000)
  from space 1024K, 59% used [0x00000000d5980000,0x00000000d5a18000,0x00000000d5a80000)
  to   space 1024K, 0% used [0x00000000d5880000,0x00000000d5880000,0x00000000d5980000)
 ParOldGen       total 925184K, used 925082K [0x0000000080000000, 0x00000000b8780000, 0x00000000d5580000)
  object space 925184K, 99% used [0x0000000080000000,0x00000000b8766b58,0x00000000b8780000)
 Metaspace       used 98504K, committed 100352K, reserved 1179648K
  class space    used 9897K, committed 10752K, reserved 1048576K
}
Event: 4757.127 GC heap after
{Heap after GC invocations=5032 (full 11):
 PSYoungGen      total 2560K, used 1024K [0x00000000d5580000, 0x00000000d5b00000, 0x0000000100000000)
  eden space 1536K, 0% used [0x00000000d5580000,0x00000000d5580000,0x00000000d5700000)
  from space 1024K, 100% used [0x00000000d5880000,0x00000000d5980000,0x00000000d5980000)
  to   space 1536K, 0% used [0x00000000d5980000,0x00000000d5980000,0x00000000d5b00000)
 ParOldGen       total 925696K, used 925626K [0x0000000080000000, 0x00000000b8800000, 0x00000000d5580000)
  object space 925696K, 99% used [0x0000000080000000,0x00000000b87eeb58,0x00000000b8800000)
 Metaspace       used 98504K, committed 100352K, reserved 1179648K
  class space    used 9897K, committed 10752K, reserved 1048576K
}
Event: 4757.129 GC heap before
{Heap before GC invocations=5033 (full 11):
 PSYoungGen      total 2560K, used 2560K [0x00000000d5580000, 0x00000000d5b00000, 0x0000000100000000)
  eden space 1536K, 100% used [0x00000000d5580000,0x00000000d5700000,0x00000000d5700000)
  from space 1024K, 100% used [0x00000000d5880000,0x00000000d5980000,0x00000000d5980000)
  to   space 1536K, 0% used [0x00000000d5980000,0x00000000d5980000,0x00000000d5b00000)
 ParOldGen       total 925696K, used 925626K [0x0000000080000000, 0x00000000b8800000, 0x00000000d5580000)
  object space 925696K, 99% used [0x0000000080000000,0x00000000b87eeb58,0x00000000b8800000)
 Metaspace       used 98504K, committed 100352K, reserved 1179648K
  class space    used 9897K, committed 10752K, reserved 1048576K
}
Event: 4757.131 GC heap after
{Heap after GC invocations=5033 (full 11):
 PSYoungGen      total 2560K, used 1536K [0x00000000d5580000, 0x00000000d5d80000, 0x0000000100000000)
  eden space 1024K, 0% used [0x00000000d5580000,0x00000000d5580000,0x00000000d5680000)
  from space 1536K, 100% used [0x00000000d5980000,0x00000000d5b00000,0x00000000d5b00000)
  to   space 3072K, 0% used [0x00000000d5680000,0x00000000d5680000,0x00000000d5980000)
 ParOldGen       total 926720K, used 926634K [0x0000000080000000, 0x00000000b8900000, 0x00000000d5580000)
  object space 926720K, 99% used [0x0000000080000000,0x00000000b88eab58,0x00000000b8900000)
 Metaspace       used 98504K, committed 100352K, reserved 1179648K
  class space    used 9897K, committed 10752K, reserved 1048576K
}
Event: 4757.133 GC heap before
{Heap before GC invocations=5034 (full 11):
 PSYoungGen      total 2560K, used 2560K [0x00000000d5580000, 0x00000000d5d80000, 0x0000000100000000)
  eden space 1024K, 100% used [0x00000000d5580000,0x00000000d5680000,0x00000000d5680000)
  from space 1536K, 100% used [0x00000000d5980000,0x00000000d5b00000,0x00000000d5b00000)
  to   space 3072K, 0% used [0x00000000d5680000,0x00000000d5680000,0x00000000d5980000)
 ParOldGen       total 926720K, used 926634K [0x0000000080000000, 0x00000000b8900000, 0x00000000d5580000)
  object space 926720K, 99% used [0x0000000080000000,0x00000000b88eab58,0x00000000b8900000)
 Metaspace       used 98504K, committed 100352K, reserved 1179648K
  class space    used 9897K, committed 10752K, reserved 1048576K
}
Event: 4757.135 GC heap after
{Heap after GC invocations=5034 (full 11):
 PSYoungGen      total 2560K, used 1120K [0x00000000d5580000, 0x00000000d5b00000, 0x0000000100000000)
  eden space 1024K, 0% used [0x00000000d5580000,0x00000000d5580000,0x00000000d5680000)
  from space 1536K, 72% used [0x00000000d5680000,0x00000000d5798000,0x00000000d5800000)
  to   space 2048K, 0% used [0x00000000d5900000,0x00000000d5900000,0x00000000d5b00000)
 ParOldGen       total 928256K, used 928162K [0x0000000080000000, 0x00000000b8a80000, 0x00000000d5580000)
  object space 928256K, 99% used [0x0000000080000000,0x00000000b8a68b58,0x00000000b8a80000)
 Metaspace       used 98504K, committed 100352K, reserved 1179648K
  class space    used 9897K, committed 10752K, reserved 1048576K
}
Event: 4757.136 GC heap before
{Heap before GC invocations=5035 (full 11):
 PSYoungGen      total 2560K, used 2143K [0x00000000d5580000, 0x00000000d5b00000, 0x0000000100000000)
  eden space 1024K, 99% used [0x00000000d5580000,0x00000000d567fff0,0x00000000d5680000)
  from space 1536K, 72% used [0x00000000d5680000,0x00000000d5798000,0x00000000d5800000)
  to   space 2048K, 0% used [0x00000000d5900000,0x00000000d5900000,0x00000000d5b00000)
 ParOldGen       total 928256K, used 928162K [0x0000000080000000, 0x00000000b8a80000, 0x00000000d5580000)
  object space 928256K, 99% used [0x0000000080000000,0x00000000b8a68b58,0x00000000b8a80000)
 Metaspace       used 98504K, committed 100352K, reserved 1179648K
  class space    used 9897K, committed 10752K, reserved 1048576K
}
Event: 4757.138 GC heap after
{Heap after GC invocations=5035 (full 11):
 PSYoungGen      total 2560K, used 920K [0x00000000d5580000, 0x00000000d5a00000, 0x0000000100000000)
  eden space 1536K, 0% used [0x00000000d5580000,0x00000000d5580000,0x00000000d5700000)
  from space 1024K, 89% used [0x00000000d5900000,0x00000000d59e6058,0x00000000d5a00000)
  to   space 1536K, 0% used [0x00000000d5700000,0x00000000d5700000,0x00000000d5880000)
 ParOldGen       total 929280K, used 929114K [0x0000000080000000, 0x00000000b8b80000, 0x00000000d5580000)
  object space 929280K, 99% used [0x0000000080000000,0x00000000b8b56b58,0x00000000b8b80000)
 Metaspace       used 98504K, committed 100352K, reserved 1179648K
  class space    used 9897K, committed 10752K, reserved 1048576K
}
Event: 4757.140 GC heap before
{Heap before GC invocations=5036 (full 11):
 PSYoungGen      total 2560K, used 2434K [0x00000000d5580000, 0x00000000d5a00000, 0x0000000100000000)
  eden space 1536K, 98% used [0x00000000d5580000,0x00000000d56fa830,0x00000000d5700000)
  from space 1024K, 89% used [0x00000000d5900000,0x00000000d59e6058,0x00000000d5a00000)
  to   space 1536K, 0% used [0x00000000d5700000,0x00000000d5700000,0x00000000d5880000)
 ParOldGen       total 929280K, used 929114K [0x0000000080000000, 0x00000000b8b80000, 0x00000000d5580000)
  object space 929280K, 99% used [0x0000000080000000,0x00000000b8b56b58,0x00000000b8b80000)
 Metaspace       used 98504K, committed 100352K, reserved 1179648K
  class space    used 9897K, committed 10752K, reserved 1048576K
}
Event: 4757.141 GC heap after
{Heap after GC invocations=5036 (full 11):
 PSYoungGen      total 3072K, used 1443K [0x00000000d5580000, 0x00000000d5b80000, 0x0000000100000000)
  eden space 1536K, 0% used [0x00000000d5580000,0x00000000d5580000,0x00000000d5700000)
  from space 1536K, 93% used [0x00000000d5700000,0x00000000d5868c00,0x00000000d5880000)
  to   space 2048K, 0% used [0x00000000d5980000,0x00000000d5980000,0x00000000d5b80000)
 ParOldGen       total 930304K, used 929890K [0x0000000080000000, 0x00000000b8c80000, 0x00000000d5580000)
  object space 930304K, 99% used [0x0000000080000000,0x00000000b8c18bd0,0x00000000b8c80000)
 Metaspace       used 98504K, committed 100352K, reserved 1179648K
  class space    used 9897K, committed 10752K, reserved 1048576K
}
Event: 4757.148 GC heap before
{Heap before GC invocations=5037 (full 11):
 PSYoungGen      total 3072K, used 2979K [0x00000000d5580000, 0x00000000d5b80000, 0x0000000100000000)
  eden space 1536K, 100% used [0x00000000d5580000,0x00000000d5700000,0x00000000d5700000)
  from space 1536K, 93% used [0x00000000d5700000,0x00000000d5868c00,0x00000000d5880000)
  to   space 2048K, 0% used [0x00000000d5980000,0x00000000d5980000,0x00000000d5b80000)
 ParOldGen       total 930304K, used 929890K [0x0000000080000000, 0x00000000b8c80000, 0x00000000d5580000)
  object space 930304K, 99% used [0x0000000080000000,0x00000000b8c18bd0,0x00000000b8c80000)
 Metaspace       used 98504K, committed 100352K, reserved 1179648K
  class space    used 9897K, committed 10752K, reserved 1048576K
}
Event: 4757.151 GC heap after
{Heap after GC invocations=5037 (full 11):
 PSYoungGen      total 3584K, used 1264K [0x00000000d5580000, 0x00000000d5b00000, 0x0000000100000000)
  eden space 2048K, 0% used [0x00000000d5580000,0x00000000d5580000,0x00000000d5780000)
  from space 1536K, 82% used [0x00000000d5980000,0x00000000d5abc000,0x00000000d5b00000)
  to   space 1536K, 0% used [0x00000000d5800000,0x00000000d5800000,0x00000000d5980000)
 ParOldGen       total 931328K, used 931106K [0x0000000080000000, 0x00000000b8d80000, 0x00000000d5580000)
  object space 931328K, 99% used [0x0000000080000000,0x00000000b8d48bd0,0x00000000b8d80000)
 Metaspace       used 98504K, committed 100352K, reserved 1179648K
  class space    used 9897K, committed 10752K, reserved 1048576K
}

